[restartedMain] INFO  com.saraya.SpringJpaPagination.Client  - Records are: 
[restartedMain] INFO  com.saraya.SpringJpaPagination.Client  - com.saraya.SpringJpaPagination.customer.Customer@79206310
[restartedMain] INFO  com.saraya.SpringJpaPagination.Client  - com.saraya.SpringJpaPagination.customer.Customer@34c64fc3
[restartedMain] INFO  com.saraya.SpringJpaPagination.Client  - com.saraya.SpringJpaPagination.customer.Customer@2e202eb6
[restartedMain] INFO  com.saraya.SpringJpaPagination.Client  - Records are: 
[restartedMain] INFO  com.saraya.SpringJpaPagination.Client  - com.saraya.SpringJpaPagination.customer.Customer@7d100fc1
[restartedMain] INFO  com.saraya.SpringJpaPagination.Client  - com.saraya.SpringJpaPagination.customer.Customer@6aa59cc3
[restartedMain] INFO  com.saraya.SpringJpaPagination.Client  - com.saraya.SpringJpaPagination.customer.Customer@6f660057
[restartedMain] INFO  com.saraya.SpringJpaPagination.Client  - Records are: 
[restartedMain] INFO  com.saraya.SpringJpaPagination.Client  - Sorted records..
[restartedMain] INFO  com.saraya.SpringJpaPagination.Client  - com.saraya.SpringJpaPagination.customer.Customer@2d224787
[restartedMain] INFO  com.saraya.SpringJpaPagination.Client  - com.saraya.SpringJpaPagination.customer.Customer@5aef7dfc
[restartedMain] INFO  com.saraya.SpringJpaPagination.Client  - com.saraya.SpringJpaPagination.customer.Customer@4747eced
[restartedMain] INFO  com.saraya.SpringJpaPagination.Client  - com.saraya.SpringJpaPagination.customer.Customer@1f4d0e44
[restartedMain] INFO  com.saraya.SpringJpaPagination.Client  - com.saraya.SpringJpaPagination.customer.Customer@79155179
[restartedMain] INFO  com.saraya.SpringJpaPagination.Client  - com.saraya.SpringJpaPagination.customer.Customer@e5d4f31
[restartedMain] INFO  com.saraya.SpringJpaPagination.Client  - Records are: 
[restartedMain] INFO  com.saraya.SpringJpaPagination.Client  - Customer [phoneNumber=7022713754, name=Adam, age=27, gender=M, address=Chicago, planId=1]
[restartedMain] INFO  com.saraya.SpringJpaPagination.Client  - Customer [phoneNumber=7022713744, name=Susan, age=27, gender=F, address=Alberta, planId=2]
[restartedMain] INFO  com.saraya.SpringJpaPagination.Client  - Customer [phoneNumber=7022713722, name=Lucy, age=27, gender=F, address=MUMBAI, planId=3]
[restartedMain] INFO  com.saraya.SpringJpaPagination.Client  - Records are: 
[restartedMain] INFO  com.saraya.SpringJpaPagination.Client  - Customer [phoneNumber=7022713745, name=Andrew, age=27, gender=M, address=New York, planId=2]
[restartedMain] INFO  com.saraya.SpringJpaPagination.Client  - Customer [phoneNumber=7022713746, name=Diana, age=25, gender=F, address=Alberta, planId=1]
[restartedMain] INFO  com.saraya.SpringJpaPagination.Client  - Customer [phoneNumber=7022713747, name=Grace, age=27, gender=F, address=Chicago, planId=1]
[restartedMain] INFO  com.saraya.SpringJpaPagination.Client  - Records are: 
[restartedMain] INFO  com.saraya.SpringJpaPagination.Client  - Sorted records..
[restartedMain] INFO  com.saraya.SpringJpaPagination.Client  - Customer [phoneNumber=7022713744, name=Susan, age=27, gender=F, address=Alberta, planId=2]
[restartedMain] INFO  com.saraya.SpringJpaPagination.Client  - Customer [phoneNumber=7022713722, name=Lucy, age=27, gender=F, address=MUMBAI, planId=3]
[restartedMain] INFO  com.saraya.SpringJpaPagination.Client  - Customer [phoneNumber=7022713747, name=Grace, age=27, gender=F, address=Chicago, planId=1]
[restartedMain] INFO  com.saraya.SpringJpaPagination.Client  - Customer [phoneNumber=7022713746, name=Diana, age=25, gender=F, address=Alberta, planId=1]
[restartedMain] INFO  com.saraya.SpringJpaPagination.Client  - Customer [phoneNumber=7022713745, name=Andrew, age=27, gender=M, address=New York, planId=2]
[restartedMain] INFO  com.saraya.SpringJpaPagination.Client  - Customer [phoneNumber=7022713754, name=Adam, age=27, gender=M, address=Chicago, planId=1]
